<?xml version="1.0" encoding="UTF-8"?>
<robot generator="Robot 7.2.2 (Python 3.13.2 on win32)" generated="2025-03-31T13:01:21.302783" rpa="false" schemaversion="5">
<suite id="s1" name="Login Test" source="C:\Users\nikoj\Documents\GitHub\Web-sovelluskehitys-projekti\Tests\Front\LoginTest_crypto\login_test.robot">
<test id="s1-t1" name="Test Web Form" line="11">
<kw name="New Browser" owner="Browser">
<msg time="2025-03-31T13:01:21.709878" level="INFO">{"browser": "chromium", "headless": false, "chromiumSandbox": false, "devtools": false, "handleSIGHUP": true, "handleSIGINT": true, "handleSIGTERM": true, "slowMo": 0.0, "timeout": 30000.0, "tracesDir": "C:\\Users\\nikoj\\Documents\\GitHub\\Web-sovelluskehitys-projekti\\Tests\\Front\\LoginTest_crypto\\browser\\traces\\temp\\f766f14f-bf23-4be2-8e23-29c7f3649025"}</msg>
<msg time="2025-03-31T13:01:21.724888" level="INFO">Starting Browser process c:\Users\nikoj\Documents\GitHub\Web-sovelluskehitys-projekti\.venv\Lib\site-packages\Browser\wrapper\index.js using port 50533</msg>
<msg time="2025-03-31T13:01:21.724983" level="INFO">Node startup parameters: ['node', 'c:\\Users\\nikoj\\Documents\\GitHub\\Web-sovelluskehitys-projekti\\.venv\\Lib\\site-packages\\Browser\\wrapper\\index.js', '50533']</msg>
<msg time="2025-03-31T13:01:22.777492" level="INFO">Successfully created browser with options: {"browser":"chromium","headless":false,"chromiumSandbox":false,"devtools":false,"handleSIGHUP":true,"handleSIGINT":true,"handleSIGTERM":true,"slowMo":0,"timeout":30000,"tracesDir":"C:\\Users\\nikoj\\Documents\\GitHub\\Web-sovelluskehitys-projekti\\Tests\\Front\\LoginTest_crypto\\browser\\traces\\temp\\f766f14f-bf23-4be2-8e23-29c7f3649025"}</msg>
<arg>chromium</arg>
<arg>headless=No</arg>
<tag>BrowserControl</tag>
<tag>Setter</tag>
<doc>Create a new playwright Browser with specified options.</doc>
<status status="PASS" start="2025-03-31T13:01:21.709274" elapsed="1.068377"/>
</kw>
<kw name="New Page" owner="Browser">
<msg time="2025-03-31T13:01:22.934551" level="INFO">Successfully initialized new page object and opened url: http://localhost:5173/src/pages/Login.html</msg>
<msg time="2025-03-31T13:01:22.934635" level="INFO">No context was open. New context was automatically opened when this page is created.</msg>
<arg>http://localhost:5173/src/pages/Login.html</arg>
<tag>BrowserControl</tag>
<tag>Setter</tag>
<doc>Open a new Page.</doc>
<status status="PASS" start="2025-03-31T13:01:22.778073" elapsed="0.156678"/>
</kw>
<kw name="Get Title" owner="Browser">
<msg time="2025-03-31T13:01:22.940101" level="INFO">Title: 'Vite App'</msg>
<arg>==</arg>
<arg>Vite App</arg>
<tag>Assertion</tag>
<tag>Getter</tag>
<tag>PageContent</tag>
<doc>Returns the title of the current page.</doc>
<status status="PASS" start="2025-03-31T13:01:22.935079" elapsed="0.005122"/>
</kw>
<kw name="Type Text" owner="Browser">
<msg time="2025-03-31T13:01:22.941216" level="INFO">Types the text '***' in the given field.</msg>
<arg>[name="username"]</arg>
<arg>${Username}</arg>
<arg>delay=0.1 s</arg>
<tag>PageContent</tag>
<tag>Setter</tag>
<doc>Types the given ``txt`` into the text field found by ``selector``.</doc>
<status status="PASS" start="2025-03-31T13:01:22.940619" elapsed="1.212720"/>
</kw>
<kw name="Type Text" owner="Browser">
<msg time="2025-03-31T13:01:24.154047" level="INFO">Types the text '***' in the given field.</msg>
<arg>[name="password"]</arg>
<arg>${Password}</arg>
<arg>delay=0.1 s</arg>
<tag>PageContent</tag>
<tag>Setter</tag>
<doc>Types the given ``txt`` into the text field found by ``selector``.</doc>
<status status="PASS" start="2025-03-31T13:01:24.153586" elapsed="0.987708"/>
</kw>
<kw name="Click" owner="Browser">
<msg time="2025-03-31T13:01:25.141917" level="INFO">Clicks the element 'input[name="submit"]'.</msg>
<arg>input[name="submit"]</arg>
<tag>PageContent</tag>
<tag>Setter</tag>
<doc>Simulates mouse click on the element found by ``selector``.</doc>
<status status="PASS" start="2025-03-31T13:01:25.141535" elapsed="0.013537"/>
</kw>
<kw name="Get Text" owner="Browser">
<msg time="2025-03-31T13:01:25.530552" level="INFO">Text: 'Login successful'</msg>
<arg>css=dialog.info_dialog p</arg>
<arg>==</arg>
<arg>Login successful</arg>
<tag>Assertion</tag>
<tag>Getter</tag>
<tag>PageContent</tag>
<doc>Returns text attribute of the element found by ``selector``.</doc>
<status status="PASS" start="2025-03-31T13:01:25.155277" elapsed="0.375379"/>
</kw>
<kw name="Click" owner="Browser">
<msg time="2025-03-31T13:01:25.531301" level="INFO">Clicks the element 'css=dialog.info_dialog button[autofocus]'.</msg>
<arg>css=dialog.info_dialog button[autofocus]</arg>
<tag>PageContent</tag>
<tag>Setter</tag>
<doc>Simulates mouse click on the element found by ``selector``.</doc>
<status status="PASS" start="2025-03-31T13:01:25.530889" elapsed="0.014689"/>
</kw>
<kw name="Close Browser" owner="Browser" type="TEARDOWN">
<msg time="2025-03-31T13:01:25.808636" level="INFO">Closed browser</msg>
<tag>BrowserControl</tag>
<tag>Setter</tag>
<doc>Closes the current browser.</doc>
<status status="PASS" start="2025-03-31T13:01:25.545935" elapsed="0.262883"/>
</kw>
<status status="PASS" start="2025-03-31T13:01:21.707611" elapsed="4.101440"/>
</test>
<status status="PASS" start="2025-03-31T13:01:21.303692" elapsed="4.518786"/>
</suite>
<statistics>
<total>
<stat pass="1" fail="0" skip="0">All Tests</stat>
</total>
<tag>
</tag>
<suite>
<stat name="Login Test" id="s1" pass="1" fail="0" skip="0">Login Test</stat>
</suite>
</statistics>
<errors>
</errors>
</robot>
