<?xml version="1.0" encoding="UTF-8"?>
<robot generator="Robot 7.2.2 (Python 3.13.2 on win32)" generated="2025-03-31T12:50:10.893127" rpa="false" schemaversion="5">
<suite id="s1" name="Login Test" source="C:\Users\nikoj\Documents\GitHub\Web-sovelluskehitys-projekti\Tests\Front\LoginTest_dotenv\login_test.robot">
<test id="s1-t1" name="Test Web Form" line="7">
<kw name="New Browser" owner="Browser">
<msg time="2025-03-31T12:50:11.005084" level="INFO">{"browser": "chromium", "headless": false, "chromiumSandbox": false, "devtools": false, "handleSIGHUP": true, "handleSIGINT": true, "handleSIGTERM": true, "slowMo": 0.0, "timeout": 30000.0, "tracesDir": "C:\\Users\\nikoj\\Documents\\GitHub\\Web-sovelluskehitys-projekti\\Tests\\Front\\LoginTest_dotenv\\browser\\traces\\temp\\1d122be2-6cc3-4053-bdec-4b20e2c317f1"}</msg>
<msg time="2025-03-31T12:50:11.019080" level="INFO">Starting Browser process c:\Users\nikoj\Documents\GitHub\Web-sovelluskehitys-projekti\.venv\Lib\site-packages\Browser\wrapper\index.js using port 50368</msg>
<msg time="2025-03-31T12:50:11.019171" level="INFO">Node startup parameters: ['node', 'c:\\Users\\nikoj\\Documents\\GitHub\\Web-sovelluskehitys-projekti\\.venv\\Lib\\site-packages\\Browser\\wrapper\\index.js', '50368']</msg>
<msg time="2025-03-31T12:50:12.033774" level="INFO">Successfully created browser with options: {"browser":"chromium","headless":false,"chromiumSandbox":false,"devtools":false,"handleSIGHUP":true,"handleSIGINT":true,"handleSIGTERM":true,"slowMo":0,"timeout":30000,"tracesDir":"C:\\Users\\nikoj\\Documents\\GitHub\\Web-sovelluskehitys-projekti\\Tests\\Front\\LoginTest_dotenv\\browser\\traces\\temp\\1d122be2-6cc3-4053-bdec-4b20e2c317f1"}</msg>
<arg>chromium</arg>
<arg>headless=No</arg>
<tag>BrowserControl</tag>
<tag>Setter</tag>
<doc>Create a new playwright Browser with specified options.</doc>
<status status="PASS" start="2025-03-31T12:50:11.004638" elapsed="1.029286"/>
</kw>
<kw name="New Page" owner="Browser">
<msg time="2025-03-31T12:50:12.207430" level="INFO">Successfully initialized new page object and opened url: http://localhost:5173/src/pages/Login.html</msg>
<msg time="2025-03-31T12:50:12.207496" level="INFO">No context was open. New context was automatically opened when this page is created.</msg>
<arg>http://localhost:5173/src/pages/Login.html</arg>
<tag>BrowserControl</tag>
<tag>Setter</tag>
<doc>Open a new Page.</doc>
<status status="PASS" start="2025-03-31T12:50:12.034219" elapsed="0.173402"/>
</kw>
<kw name="Get Title" owner="Browser">
<msg time="2025-03-31T12:50:12.214828" level="INFO">Title: 'Vite App'</msg>
<arg>==</arg>
<arg>Vite App</arg>
<tag>Assertion</tag>
<tag>Getter</tag>
<tag>PageContent</tag>
<doc>Returns the title of the current page.</doc>
<status status="PASS" start="2025-03-31T12:50:12.207938" elapsed="0.006981"/>
</kw>
<kw name="Type Text" owner="Browser">
<msg time="2025-03-31T12:50:12.215602" level="INFO">Types the text 'meloonitest' in the given field.</msg>
<arg>[name="username"]</arg>
<arg>${USERNAME}</arg>
<arg>delay=0.1 s</arg>
<tag>PageContent</tag>
<tag>Setter</tag>
<doc>Types the given ``txt`` into the text field found by ``selector``.</doc>
<status status="PASS" start="2025-03-31T12:50:12.215144" elapsed="1.218470"/>
</kw>
<kw name="Type Text" owner="Browser">
<msg time="2025-03-31T12:50:13.434334" level="INFO">Types the text 'melooni20' in the given field.</msg>
<arg>[name="password"]</arg>
<arg>${PASSWORD}</arg>
<arg>delay=0.1 s</arg>
<tag>PageContent</tag>
<tag>Setter</tag>
<doc>Types the given ``txt`` into the text field found by ``selector``.</doc>
<status status="PASS" start="2025-03-31T12:50:13.433856" elapsed="0.994414"/>
</kw>
<kw name="Click" owner="Browser">
<msg time="2025-03-31T12:50:14.428893" level="INFO">Clicks the element 'input[name="submit"]'.</msg>
<arg>input[name="submit"]</arg>
<tag>PageContent</tag>
<tag>Setter</tag>
<doc>Simulates mouse click on the element found by ``selector``.</doc>
<status status="PASS" start="2025-03-31T12:50:14.428523" elapsed="0.014677"/>
</kw>
<kw name="Get Text" owner="Browser">
<msg time="2025-03-31T12:50:14.820228" level="INFO">Text: 'Login successful'</msg>
<arg>css=dialog.info_dialog p</arg>
<arg>==</arg>
<arg>Login successful</arg>
<tag>Assertion</tag>
<tag>Getter</tag>
<tag>PageContent</tag>
<doc>Returns text attribute of the element found by ``selector``.</doc>
<status status="PASS" start="2025-03-31T12:50:14.443452" elapsed="0.376867"/>
</kw>
<kw name="Click" owner="Browser">
<msg time="2025-03-31T12:50:14.820918" level="INFO">Clicks the element 'css=dialog.info_dialog button[autofocus]'.</msg>
<arg>css=dialog.info_dialog button[autofocus]</arg>
<tag>PageContent</tag>
<tag>Setter</tag>
<doc>Simulates mouse click on the element found by ``selector``.</doc>
<status status="PASS" start="2025-03-31T12:50:14.820524" elapsed="0.014704"/>
</kw>
<kw name="Close Browser" owner="Browser" type="TEARDOWN">
<msg time="2025-03-31T12:50:15.046543" level="INFO">Closed browser</msg>
<tag>BrowserControl</tag>
<tag>Setter</tag>
<doc>Closes the current browser.</doc>
<status status="PASS" start="2025-03-31T12:50:14.835652" elapsed="0.211023"/>
</kw>
<status status="PASS" start="2025-03-31T12:50:11.004111" elapsed="4.042800"/>
</test>
<status status="PASS" start="2025-03-31T12:50:10.893932" elapsed="4.166187"/>
</suite>
<statistics>
<total>
<stat pass="1" fail="0" skip="0">All Tests</stat>
</total>
<tag>
</tag>
<suite>
<stat name="Login Test" id="s1" pass="1" fail="0" skip="0">Login Test</stat>
</suite>
</statistics>
<errors>
</errors>
</robot>
