<?xml version="1.0" encoding="UTF-8"?>
<robot generator="Robot 7.2.2 (Python 3.13.2 on win32)" generated="2025-03-18T12:35:45.452618" rpa="false" schemaversion="5">
<suite id="s1" name="Browser Demo" source="C:\Users\nikoj\Documents\GitHub\Web-sovelluskehitys-projekti\Tests\front\browser_demo.robot">
<test id="s1-t1" name="Test Web Form" line="6">
<kw name="New Browser" owner="Browser">
<msg time="2025-03-18T12:35:45.674570" level="INFO">{"browser": "chromium", "headless": false, "chromiumSandbox": false, "devtools": false, "handleSIGHUP": true, "handleSIGINT": true, "handleSIGTERM": true, "slowMo": 0.0, "timeout": 30000.0, "tracesDir": "C:\\Users\\nikoj\\Documents\\GitHub\\Web-sovelluskehitys-projekti\\Tests\\front\\browser\\traces\\temp\\80f9216c-d095-4a62-818d-0408bf9a3d82"}</msg>
<msg time="2025-03-18T12:35:45.799049" level="FAIL">
#############################################################
#                                                           #
#  RF-Browser dependencies not found in installation path!  #
#           Run `rfbrowser init` to install.                #
#                                                           #
#############################################################
Installation path: C:\Users\nikoj\Documents\GitHub\Web-sovelluskehitys-projekti\.venv\Lib\site-packages\Browser\wrapper</msg>
<arg>chromium</arg>
<arg>headless=No</arg>
<tag>BrowserControl</tag>
<tag>Setter</tag>
<doc>Create a new playwright Browser with specified options.</doc>
<status status="FAIL" start="2025-03-18T12:35:45.674125" elapsed="0.126873">
#############################################################
#                                                           #
#  RF-Browser dependencies not found in installation path!  #
#           Run `rfbrowser init` to install.                #
#                                                           #
#############################################################
Installation path: C:\Users\nikoj\Documents\GitHub\Web-sovelluskehitys-projekti\.venv\Lib\site-packages\Browser\wrapper</status>
</kw>
<kw name="New Page" owner="Browser">
<arg>https://www.selenium.dev/selenium/web/web-form.html</arg>
<tag>BrowserControl</tag>
<tag>Setter</tag>
<doc>Open a new Page.</doc>
<status status="NOT RUN" start="2025-03-18T12:35:45.801265" elapsed="0.000100"/>
</kw>
<kw name="Get Title" owner="Browser">
<arg>==</arg>
<arg>Web form</arg>
<tag>Assertion</tag>
<tag>Getter</tag>
<tag>PageContent</tag>
<doc>Returns the title of the current page.</doc>
<status status="NOT RUN" start="2025-03-18T12:35:45.801499" elapsed="0.000070"/>
</kw>
<kw name="Type Text" owner="Browser">
<arg>[name="my-text"]</arg>
<arg>${Username}</arg>
<arg>delay=0.1 s</arg>
<tag>PageContent</tag>
<tag>Setter</tag>
<doc>Types the given ``txt`` into the text field found by ``selector``.</doc>
<status status="NOT RUN" start="2025-03-18T12:35:45.801673" elapsed="0.000058"/>
</kw>
<kw name="Type Secret" owner="Browser">
<arg>[name="my-password"]</arg>
<arg>$Password</arg>
<arg>delay=0.1 s</arg>
<tag>PageContent</tag>
<tag>Setter</tag>
<doc>Types the given secret from ``variable_name`` into the text field
found by ``selector``.</doc>
<status status="NOT RUN" start="2025-03-18T12:35:45.801826" elapsed="0.000066"/>
</kw>
<kw name="Type Text" owner="Browser">
<arg>[name="my-textarea"]</arg>
<arg>${Message}</arg>
<arg>delay=0.1 s</arg>
<tag>PageContent</tag>
<tag>Setter</tag>
<doc>Types the given ``txt`` into the text field found by ``selector``.</doc>
<status status="NOT RUN" start="2025-03-18T12:35:45.802001" elapsed="0.000056"/>
</kw>
<kw name="Click With Options" owner="Browser">
<arg>button</arg>
<arg>delay=2 s</arg>
<tag>PageContent</tag>
<tag>Setter</tag>
<doc>Simulates mouse click on the element found by ``selector``.</doc>
<status status="NOT RUN" start="2025-03-18T12:35:45.802149" elapsed="0.000058"/>
</kw>
<kw name="Get Text" owner="Browser">
<arg>id=message</arg>
<arg>==</arg>
<arg>Received!</arg>
<tag>Assertion</tag>
<tag>Getter</tag>
<tag>PageContent</tag>
<doc>Returns text attribute of the element found by ``selector``.</doc>
<status status="NOT RUN" start="2025-03-18T12:35:45.802295" elapsed="0.000054"/>
</kw>
<status status="FAIL" start="2025-03-18T12:35:45.673585" elapsed="0.128913">
#############################################################
#                                                           #
#  RF-Browser dependencies not found in installation path!  #
#           Run `rfbrowser init` to install.                #
#                                                           #
#############################################################
Installation path: C:\Users\nikoj\Documents\GitHub\Web-sovelluskehitys-projekti\.venv\Lib\site-packages\Browser\wrapper</status>
</test>
<status status="FAIL" start="2025-03-18T12:35:45.453490" elapsed="0.363017"/>
</suite>
<statistics>
<total>
<stat pass="0" fail="1" skip="0">All Tests</stat>
</total>
<tag>
</tag>
<suite>
<stat name="Browser Demo" id="s1" pass="0" fail="1" skip="0">Browser Demo</stat>
</suite>
</statistics>
<errors>
<msg time="2025-03-18T12:35:45.815526" level="ERROR">Calling method '_end_test' of listener 'Browser' failed: 
#############################################################
#                                                           #
#  RF-Browser dependencies not found in installation path!  #
#           Run `rfbrowser init` to install.                #
#                                                           #
#############################################################
Installation path: C:\Users\nikoj\Documents\GitHub\Web-sovelluskehitys-projekti\.venv\Lib\site-packages\Browser\wrapper</msg>
<msg time="2025-03-18T12:35:45.830951" level="ERROR">Calling method '_end_suite' of listener 'Browser' failed: 
#############################################################
#                                                           #
#  RF-Browser dependencies not found in installation path!  #
#           Run `rfbrowser init` to install.                #
#                                                           #
#############################################################
Installation path: C:\Users\nikoj\Documents\GitHub\Web-sovelluskehitys-projekti\.venv\Lib\site-packages\Browser\wrapper</msg>
</errors>
</robot>
